Unity Player [version: Unity 4.6.1f1_d1db7a1b5196]

OVRDisplayRT32.dll caused an Access Violation (0xc0000005)
  in module OVRDisplayRT32.dll at 0023:71554b56.

Error occurred at 2015-01-27_104532.
G:\AddOn\NormalOps\Dropbox\Neumont\Quarter 10\Game Consle Develpoment\Repo\Builds\Build Two\Game One.exe, run by Bastien Auxer.
25% memory in use.
0 MB physical memory [0 MB free].
0 MB paging file [0 MB free].
0 MB user address space [3817 MB free].
Read from location 00000000 caused an access violation.

Context:
EDI:    0x015dc4ac  ESI: 0x00000000  EAX:   0x00000000
EBX:    0x000a0424  ECX: 0x715629cc  EDX:   0x00000000
EIP:    0x71554b56  EBP: 0x0019f974  SegCs: 0x00000023
EFlags: 0x00210246  ESP: 0x0019f8a8  SegSs: 0x0000002b

Bytes at CS:EIP:
8b 04 90 8d 34 b0 8d 85 64 ff ff ff 50 e8 68 dd 

Stack:
0x0019f8a8: e75899a7 0019fa48 0019fa78 015a9758 ..X.H...x...X.Z.
0x0019f8b8: 00000000 00000000 015a9758 00000000 ........X.Z.....
0x0019f8c8: 00000000 0019f9e0 015dc4ac 00000000 ..........].....
0x0019f8d8: 0163b024 015c36c8 015dc4ac 015dc4ac $.c..6\...]...].
0x0019f8e8: 00000000 00d887e0 08f88908 0163b024 ............$.c.
0x0019f8f8: 015dc4ac 00000000 00000780 00000438 ..].........8...
0x0019f908: 00000000 00000001 0000001c 00000000 ................
0x0019f918: 00000000 00000001 00000000 00000020 ............ ...
0x0019f928: 00000002 000a0424 00000001 00000001 ....$...........
0x0019f938: 00000002 00000780 00000438 0000001c ........8.......
0x0019f948: 00000001 00000000 08f88180 00000000 ................
0x0019f958: 00000000 00000000 00000000 e75899a7 ..............X.
0x0019f968: 0019febc 7155d5c7 00000000 0019fa20 ......Uq.... ...
0x0019f978: 71554f54 015c36c8 015dc7ac 0019f9e0 TOUq.6\...].....
0x0019f988: 00d887e0 00000001 000a0424 00000000 ........$.......
0x0019f998: 00000780 00000438 00000000 00000001 ....8...........
0x0019f9a8: 0000001c 00000000 00000000 00000001 ................
0x0019f9b8: 00000000 00000020 00000001 000a0424 .... .......$...
0x0019f9c8: 00000001 00000000 00000002 015c36c8 .............6\.
0x0019f9d8: 00d887e0 015dc7ac 00000780 00000438 ......].....8...
0x0019f9e8: 00000000 00000001 0000001c 00000000 ................
0x0019f9f8: 00000000 00000001 00000000 00000020 ............ ...
0x0019fa08: 00000001 000a0424 00000001 00000000 ....$...........
0x0019fa18: 00000002 e7589af3 0019fa8c 00761f0d ......X.......v.
0x0019fa28: 015c36c8 015dc7ac 000a0424 0019fa48 .6\...].$...H...
0x0019fa38: 0019fa78 00000000 00d887e0 00000000 x...............
0x0019fa48: 00000780 00000438 0000001c 00000000 ....8...........
0x0019fa58: 00000001 00000000 00000030 00000001 ........0.......
0x0019fa68: 00000000 00000000 00000000 00000002 ................
0x0019fa78: 00000000 00000001 00000000 00000000 ................
0x0019fa88: 00000001 0019fadc 00762a18 00000780 .........*v.....
0x0019fa98: 00000438 0000001c 00000000 00000002 8...............
0x0019faa8: 000a0424 00000001 035fca00 00000780 $........._.....
0x0019fab8: 035d8614 00000438 000a0004 000a0424 ..].8.......$...
0x0019fac8: 00000000 7798265b 00000000 00000001 ....[&.w........
0x0019fad8: 75fc977a 0019fc08 00382660 04a5fbe4 z..u....`&8.....
0x0019fae8: 000a0424 00000780 00000438 00000780 $.......8.......
0x0019faf8: 00000438 00000000 035fca00 035fca00 8........._..._.
0x0019fb08: 00000001 00000000 00000001 0019fc7c ............|...
0x0019fb18: 0019fc80 0019fc88 035d85dc 04a5e260 ..........].`...
0x0019fb28: 00000438 00000218 00000218 0019fbcc 8...............
0x0019fb38: 00000000 0019fb98 0078c5b3 00000001 ..........x.....
0x0019fb48: 04a5e260 00000000 035fe2e8 00000000 `........._.....
0x0019fb58: 00000000 00000000 035fe318 00000001 .........._.....
0x0019fb68: 00000000 ffffffff 7797e6a8 01550000 ...........w..U.
0x0019fb78: 00000000 08f7b480 0019fba8 7796f8d1 ...............w
0x0019fb88: 75df14ab 0019fbf0 75df14f1 75df14de ...u.......u...u
0x0019fb98: e75e8a78 763f1151 00000218 00000438 x.^.Q.?v....8...
0x0019fba8: 00000024 00000001 00000000 00000000 $...............
0x0019fbb8: 00000070 ffffffff ffffffff 75df1449 p...........I..u
0x0019fbc8: 00000000 00000000 00000780 00000438 ............8...
0x0019fbd8: 0019fb00 00000001 0019febc 75e17000 .............p.u
0x0019fbe8: 00000001 00000000 00000000 763f1194 ..............?v
0x0019fbf8: 00000000 ffffffff 00000000 035fdfdc .............._.
0x0019fc08: 0019fc90 00541329 00000002 00000780 ....).T.........
0x0019fc18: 00000438 00000000 00000000 035fca00 8............._.
0x0019fc28: 00000000 0019fc78 0019fc7c 0019fc80 ....x...|.......
0x0019fc38: 0019fc88 00000438 00000780 00000000 ....8...........
0x0019fc48: 03618284 03618288 00d7ad50 00d7ae10 ..a...a.P.......
0x0019fc58: 0019fc70 00355416 03618288 03618288 p....T5...a...a.
0x0019fc68: 00d7a490 00d7ae10 0019fc88 00000002 ................
0x0019fc78: 00000004 00000004 00000004 035fca00 .............._.
0x0019fc88: 00000000 00351ee7 0019fd0c 004d0155 ......5.....U.M.
0x0019fc98: 00000780 00000438 00000000 00000000 ....8...........
0x0019fca8: 00000010 00000000 00000001 00000000 ................
0x0019fcb8: 07af2da0 00000000 00000000 00000000 .-..............
0x0019fcc8: 00000000 00000000 03618288 00000000 ..........a.....
0x0019fcd8: 00000000 00000000 00000020 0000002f ........ .../...
0x0019fce8: 00000000 00000000 00000000 00000000 ................
0x0019fcf8: 00000438 00000780 00000000 00000000 8...............
0x0019fd08: 00000001 0019fe24 00547ac5 00000000 ....$....zT.....
0x0019fd18: 00000000 fffde000 035d1a9c 032f2980 ..........]..)/.
0x0019fd28: 0019fcbc 7fffffff 0000005b 0000005f ........[..._...
0x0019fd38: 00887143 035d2500 7797e38c 7797e0f2 Cq...%]....w...w
0x0019fd48: 00e16808 00000000 0000000f 032f1cf0 .h............/.
0x0019fd58: 6f6e6f00 6374652f 0019fd00 00806c99 .ono/etc.....l..
0x0019fd68: 00000000 0000000f 0000000f 035d2508 .............%].
0x0019fd78: 035d2540 035d2540 00d57158 035d1a20 @%].@%].Xq.. .].
0x0019fd88: 032f07d0 0019fd00 0019fdc0 00000069 ../.........i...
0x0019fd98: 0000006f 00cd8af0 010a3918 035d1b94 o........9....].
0x0019fda8: 00000004 0019fce4 7796faea 00000078 ...........wx...
0x0019fdb8: 0000007f 49656e69 035d2500 00000000 ....ineI.%].....
0x0019fdc8: 00000000 00bb2ea8 00000000 0000000f ................
0x0019fdd8: 0019fe08 00000000 616e614d 00646567 ........Managed.
0x0019fde8: 007f4e3b 00000000 00000007 0000000f ;N..............
0x0019fdf8: 007f4e48 010a3918 03618100 6e6f6d2f HN...9....a./mon
0x0019fe08: 6c642e6f 0000006c 00000000 0000000f o.dll...........
0x0019fe18: 032f1cf0 00000000 00000000 0019fe3c ../.........<...
0x0019fe28: 007bca78 00350000 00000000 01554a41 x.{...5.....AJU.
0x0019fe38: 0000000a 0019fecc 007f1970 00350000 ........p.....5.
0x0019fe48: 00000000 01554a41 0000000a e7588051 ....AJU.....Q.X.
0x0019fe58: 00000000 00000000 fffde000 00000044 ............D...
0x0019fe68: 01552e06 01552de6 01552dcc 00000000 ..U..-U..-U.....
0x0019fe78: 00000000 00000000 00000000 00000000 ................
0x0019fe88: 00000000 00000000 00000000 00000000 ................
0x0019fe98: 00000000 00000000 0019fec8 00802cc4 .............,..
0x0019fea8: c0000005 00000000 00000000 0019fe54 ............T...
0x0019feb8: 0019f2f0 0019ff08 007f3750 e795496d ........P7..mI..
0x0019fec8: 00000000 0019fed8 763f338a fffde000 .........3?v....
0x0019fed8: 0019ff18 77989f72 fffde000 77065c23 ....r..w....#\.w
0x0019fee8: 00000000 00000000 fffde000 c0000005 ................
0x0019fef8: 764176f7 764176f7 0019fee4 0019f2f4 .vAv.vAv........
0x0019ff08: ffffffff 779c71f5 0088666b 00000000 .....q.wkf......
0x0019ff18: 0019ff30 77989f45 007f19c3 fffde000 0...E..w........
0x0019ff28: 00000000 00000000 00000000 00000000 ................
0x0019ff38: 007f19c3 fffde000 00000000 00000000 ................
0x0019ff48: 00000000 00000000 00000000 00000000 ................
0x0019ff58: 00000000 00000000 00000000 00000000 ................
0x0019ff68: 00000000 00000000 00000000 00000000 ................
0x0019ff78: 00000000 00000000 00000000 00000000 ................
0x0019ff88: 00000000 00000000 00000000 00000000 ................
0x0019ff98: 00000000 00000000 00000000 00000000 ................
0x0019ffa8: 00000000 00000000 00000000 00000000 ................
0x0019ffb8: 00000000 00000000 00000000 00000000 ................
0x0019ffc8: 00000000 00000000 00000000 00000000 ................
0x0019ffd8: 00000000 00000000 00000000 00000000 ................
0x0019ffe8: 00000000 00000000 00000000 00000000 ................
0x0019fff8: 00000000 00000000                   ........

Module 1
G:\AddOn\NormalOps\Dropbox\Neumont\Quarter 10\Game Consle Develpoment\Repo\Builds\Build Two\Game One.exe
Image Base: 0x00350000  Image Size: 0x00bb4000
File Size:  11606016    File Time:  2014-12-05_050252
Version:
   Company:    
   Product:    
   FileDesc:   
   FileVer:    4.6.1.51269
   ProdVer:    4.6.1.51269

Module 2
C:\Windows\system32\xinput1_3.dll
Image Base: 0x00400000  Image Size: 0x00016000
File Size:  81768       File Time:  2007-04-04_165342
Version:
   Company:    Microsoft Corporation
   Product:    Microsoft® DirectX for Windows®
   FileDesc:   Microsoft Common Controller API
   FileVer:    9.18.944.0
   ProdVer:    9.18.944.0

Module 3
C:\Windows\system32\d3d10.dll
Image Base: 0x0f110000  Image Size: 0x0010f000
File Size:  1080832     File Time:  2014-12-24_112954
Version:
   Company:    Microsoft Corporation
   Product:    Microsoft® Windows® Operating System
   FileDesc:   Direct3D 10 Runtime
   FileVer:    6.2.9200.16492
   ProdVer:    6.2.9200.16492

Module 4
G:\AddOn\NormalOps\Dropbox\Neumont\Quarter 10\Game Consle Develpoment\Repo\Builds\Build Two\Game One_Data\Plugins\OculusPlugin.DLL
Image Base: 0x0f8d0000  Image Size: 0x0009c000
File Size:  610816      File Time:  2014-10-23_231348
Version:
   Company:    
   Product:    
   FileDesc:   
   FileVer:    0.0.0.0
   ProdVer:    0.0.0.0

Module 5
G:\AddOn\NormalOps\Dropbox\Neumont\Quarter 10\Game Consle Develpoment\Repo\Builds\Build Two\Game One_Data\Mono\mono.dll
Image Base: 0x10000000  Image Size: 0x0022f000
File Size:  2101760     File Time:  2014-12-05_044222
Version:
   Company:    
   Product:    
   FileDesc:   
   FileVer:    0.0.0.0
   ProdVer:    0.0.0.0

Module 6
C:\Windows\system32\MSVCR120.dll
Image Base: 0x5d740000  Image Size: 0x000ee000
File Size:  970912      File Time:  2013-10-05_003822
Version:
   Company:    Microsoft Corporation
   Product:    Microsoft® Visual Studio® 2013
   FileDesc:   Microsoft® C Runtime Library
   FileVer:    12.0.21005.1
   ProdVer:    12.0.21005.1

Module 7
C:\Windows\system32\MSVCP120.dll
Image Base: 0x6b120000  Image Size: 0x00071000
File Size:  455328      File Time:  2013-10-05_003822
Version:
   Company:    Microsoft Corporation
   Product:    Microsoft® Visual Studio® 2013
   FileDesc:   Microsoft® C Runtime Library
   FileVer:    12.0.21005.1
   ProdVer:    12.0.21005.1

Module 8
C:\Windows\system32\dbghelp.dll
Image Base: 0x6b300000  Image Size: 0x000eb000
File Size:  854016      File Time:  2010-11-20_051828
Version:
   Company:    Microsoft Corporation
   Product:    Microsoft® Windows® Operating System
   FileDesc:   Windows Image Helper
   FileVer:    6.1.7601.17514
   ProdVer:    6.1.7601.17514

Module 9
C:\Windows\system32\d3d9.dll
Image Base: 0x6b6a0000  Image Size: 0x001c3000
File Size:  1828352     File Time:  2010-11-20_051826
Version:
   Company:    Microsoft Corporation
   Product:    Microsoft® Windows® Operating System
   FileDesc:   Direct3D 9 Runtime
   FileVer:    6.1.7601.17514
   ProdVer:    6.1.7601.17514

Module 10
C:\Windows\system32\d3d11.dll
Image Base: 0x6bce0000  Image Size: 0x00175000
File Size:  1505280     File Time:  2014-12-24_112922
Version:
   Company:    Microsoft Corporation
   Product:    Microsoft® Windows® Operating System
   FileDesc:   Direct3D 11 Runtime
   FileVer:    6.2.9200.16570
   ProdVer:    6.2.9200.16570

Module 11
C:\Windows\system32\dxgi.dll
Image Base: 0x6be60000  Image Size: 0x0004c000
File Size:  293376      File Time:  2014-12-24_112954
Version:
   Company:    Microsoft Corporation
   Product:    Microsoft® Windows® Operating System
   FileDesc:   DirectX Graphics Infrastructure
   FileVer:    6.2.9200.16492
   ProdVer:    6.2.9200.16492

Module 12
C:\Windows\system32\OPENGL32.dll
Image Base: 0x6beb0000  Image Size: 0x000c8000
File Size:  791552      File Time:  2009-07-13_181614
Version:
   Company:    Microsoft Corporation
   Product:    Microsoft® Windows® Operating System
   FileDesc:   OpenGL Client DLL
   FileVer:    6.1.7600.16385
   ProdVer:    6.1.7600.16385

Module 13
C:\Windows\system32\nvwgf2um.dll
Image Base: 0x6d2d0000  Image Size: 0x00c0a000
File Size:  12641480    File Time:  2013-10-29_091752
Version:
   Company:    NVIDIA Corporation
   Product:    NVIDIA D3D10 drivers
   FileDesc:   NVIDIA D3D10 Driver, Version 312.69 
   FileVer:    9.18.13.1269
   ProdVer:    9.18.13.1269

Module 14
C:\Windows\system32\d3d10core.dll
Image Base: 0x6df00000  Image Size: 0x0003a000
File Size:  220160      File Time:  2014-12-24_112954
Version:
   Company:    Microsoft Corporation
   Product:    Microsoft® Windows® Operating System
   FileDesc:   Direct3D 10 Runtime
   FileVer:    6.2.9200.16492
   ProdVer:    6.2.9200.16492

Module 15
C:\Windows\system32\d3d8thk.dll
Image Base: 0x6e320000  Image Size: 0x00006000
File Size:  11264       File Time:  2009-07-13_181510
Version:
   Company:    Microsoft Corporation
   Product:    Microsoft® Windows® Operating System
   FileDesc:   Microsoft Direct3D OS Thunk Layer
   FileVer:    6.1.7600.16385
   ProdVer:    6.1.7600.16385

Module 16
C:\Windows\system32\GLU32.dll
Image Base: 0x6e340000  Image Size: 0x00022000
File Size:  130048      File Time:  2009-07-13_181524
Version:
   Company:    Microsoft Corporation
   Product:    Microsoft® Windows® Operating System
   FileDesc:   OpenGL Utility Library DLL
   FileVer:    6.1.7600.16385
   ProdVer:    6.1.7600.16385

Module 17
C:\Windows\system32\dxgidebug.dll
Image Base: 0x6e550000  Image Size: 0x0001d000
File Size:  117912      File Time:  2014-10-24_182116
Version:
   Company:    Microsoft Corporation
   Product:    Microsoft® DirectX for Windows®
   FileDesc:   DXGI Debug Binary
   FileVer:    9.30.9600.17298
   ProdVer:    9.30.9600.17298

Module 18
C:\Windows\system32\POWRPROF.dll
Image Base: 0x6e7a0000  Image Size: 0x00025000
File Size:  145408      File Time:  2009-07-13_181614
Version:
   Company:    Microsoft Corporation
   Product:    Microsoft® Windows® Operating System
   FileDesc:   Power Profile Helper DLL
   FileVer:    6.1.7600.16385
   ProdVer:    6.1.7600.16385

Module 19
C:\Windows\system32\dlumd11.dll
Image Base: 0x6e920000  Image Size: 0x00127000
File Size:  1146672     File Time:  2014-07-09_075236
Version:
   Company:    DisplayLink Corp.
   Product:    DisplayLink Core Software v7.6.56275.0
   FileDesc:   DisplayLink User Mode Driver
   FileVer:    9.18.7.6
   ProdVer:    9.18.7.6

Module 20
C:\Windows\system32\uxtheme.dll
Image Base: 0x6fd60000  Image Size: 0x00080000
File Size:  245760      File Time:  2009-07-13_181126
Version:
   Company:    Microsoft Corporation
   Product:    Microsoft® Windows® Operating System
   FileDesc:   Microsoft UxTheme Library
   FileVer:    6.1.7600.16385
   ProdVer:    6.1.7600.16385

Module 21
C:\Windows\system32\dwmapi.dll
Image Base: 0x6fdf0000  Image Size: 0x00013000
File Size:  67072       File Time:  2009-07-13_181514
Version:
   Company:    Microsoft Corporation
   Product:    Microsoft® Windows® Operating System
   FileDesc:   Microsoft Desktop Window Manager API
   FileVer:    6.1.7600.16385
   ProdVer:    6.1.7600.16385

Module 22
C:\Windows\system32\DCIMAN32.dll
Image Base: 0x6fe10000  Image Size: 0x00006000
File Size:  10240       File Time:  2013-06-05_215058
Version:
   Company:    Microsoft Corporation
   Product:    Microsoft® Windows® Operating System
   FileDesc:   DCI Manager
   FileVer:    6.1.7601.18177
   ProdVer:    6.1.7601.18177

Module 23
C:\Windows\system32\DDRAW.dll
Image Base: 0x6fe20000  Image Size: 0x000e7000
File Size:  531968      File Time:  2009-07-13_181512
Version:
   Company:    Microsoft Corporation
   Product:    Microsoft® Windows® Operating System
   FileDesc:   Microsoft DirectDraw
   FileVer:    6.1.7600.16385
   ProdVer:    6.1.7600.16385

Module 24
C:\Windows\system32\AUDIOSES.DLL
Image Base: 0x6ff30000  Image Size: 0x00036000
File Size:  195584      File Time:  2014-10-02_184428
Version:
   Company:    Microsoft Corporation
   Product:    Microsoft® Windows® Operating System
   FileDesc:   Audio Session
   FileVer:    6.1.7601.18619
   ProdVer:    6.1.7601.18619

Module 25
C:\Windows\system32\PROPSYS.dll
Image Base: 0x70cf0000  Image Size: 0x000f5000
File Size:  988160      File Time:  2010-11-20_052058
Version:
   Company:    Microsoft Corporation
   Product:    Windows® Search
   FileDesc:   Microsoft Property System
   FileVer:    7.0.7601.17514
   ProdVer:    7.0.7601.17514

Module 26
C:\Windows\system32\MMDevAPI.DLL
Image Base: 0x70df0000  Image Size: 0x00039000
File Size:  213504      File Time:  2010-11-20_051940
Version:
   Company:    Microsoft Corporation
   Product:    Microsoft® Windows® Operating System
   FileDesc:   MMDevice API
   FileVer:    6.1.7601.17514
   ProdVer:    6.1.7601.17514

Module 27
C:\Windows\system32\wtsapi32.dll
Image Base: 0x710b0000  Image Size: 0x0000d000
File Size:  40448       File Time:  2010-11-20_052140
Version:
   Company:    Microsoft Corporation
   Product:    Microsoft® Windows® Operating System
   FileDesc:   Windows Remote Desktop Session Host Server SDK APIs
   FileVer:    6.1.7601.17514
   ProdVer:    6.1.7601.17514

Module 28
C:\Windows\system32\AVRT.dll
Image Base: 0x712d0000  Image Size: 0x00007000
File Size:  14336       File Time:  2009-07-13_181500
Version:
   Company:    Microsoft Corporation
   Product:    Microsoft® Windows® Operating System
   FileDesc:   Multimedia Realtime Runtime
   FileVer:    6.1.7600.16385
   ProdVer:    6.1.7600.16385

Module 29
C:\Windows\system32\HID.DLL
Image Base: 0x71380000  Image Size: 0x00009000
File Size:  22016       File Time:  2009-07-13_181526
Version:
   Company:    Microsoft Corporation
   Product:    Microsoft® Windows® Operating System
   FileDesc:   Hid User Library
   FileVer:    6.1.7600.16385
   ProdVer:    6.1.7600.16385

Module 30
C:\Windows\system32\dsound.dll
Image Base: 0x71460000  Image Size: 0x00072000
File Size:  453632      File Time:  2009-07-13_181514
Version:
   Company:    Microsoft Corporation
   Product:    Microsoft® Windows® Operating System
   FileDesc:   DirectSound
   FileVer:    6.1.7600.16385
   ProdVer:    6.1.7600.16385

Module 31
C:\Windows\system32\OVRDisplayRT32.dll
Image Base: 0x71550000  Image Size: 0x00015000
File Size:  73728       File Time:  2014-10-23_153702
Version:
   Company:    Oculus VR, LLC
   Product:    Oculus Display Driver
   FileDesc:   Oculus Display Driver
   FileVer:    1.1.9.0
   ProdVer:    1.1.9.0

Module 32
C:\Windows\system32\midimap.dll
Image Base: 0x715c0000  Image Size: 0x00007000
File Size:  16896       File Time:  2009-07-13_181542
Version:
   Company:    Microsoft Corporation
   Product:    Microsoft® Windows® Operating System
   FileDesc:   Microsoft MIDI Mapper
   FileVer:    6.1.7600.16385
   ProdVer:    6.1.7600.16385

Module 33
C:\Windows\system32\MSACM32.dll
Image Base: 0x715d0000  Image Size: 0x00014000
File Size:  72192       File Time:  2009-07-13_181544
Version:
   Company:    Microsoft Corporation
   Product:    Microsoft® Windows® Operating System
   FileDesc:   Microsoft ACM Audio Filter
   FileVer:    6.1.7600.16385
   ProdVer:    6.1.7600.16385

Module 34
C:\Windows\system32\msacm32.drv
Image Base: 0x715f0000  Image Size: 0x00008000
File Size:  20992       File Time:  2009-07-13_181410
Version:
   Company:    Microsoft Corporation
   Product:    Microsoft® Windows® Operating System
   FileDesc:   Microsoft Sound Mapper
   FileVer:    6.1.7600.16385
   ProdVer:    6.1.7600.16385

Module 35
C:\Windows\system32\ksuser.dll
Image Base: 0x71600000  Image Size: 0x00004000
File Size:  4608        File Time:  2009-07-13_181536
Version:
   Company:    Microsoft Corporation
   Product:    Microsoft® Windows® Operating System
   FileDesc:   User CSA Library
   FileVer:    6.1.7600.16385
   ProdVer:    6.1.7600.16385

Module 36
C:\Windows\system32\wdmaud.drv
Image Base: 0x71610000  Image Size: 0x00030000
File Size:  172032      File Time:  2010-11-20_051652
Version:
   Company:    Microsoft Corporation
   Product:    Microsoft® Windows® Operating System
   FileDesc:   Winmm  audio system driver
   FileVer:    6.1.7601.17514
   ProdVer:    6.1.7601.17514

Module 37
C:\Windows\system32\WINNSI.DLL
Image Base: 0x74190000  Image Size: 0x00007000
File Size:  16896       File Time:  2009-07-13_181620
Version:
   Company:    Microsoft Corporation
   Product:    Microsoft® Windows® Operating System
   FileDesc:   Network Store Information RPC interface
   FileVer:    6.1.7600.16385
   ProdVer:    6.1.7600.16385

Module 38
C:\Windows\system32\IPHLPAPI.DLL
Image Base: 0x741a0000  Image Size: 0x0001c000
File Size:  103936      File Time:  2010-11-20_051924
Version:
   Company:    Microsoft Corporation
   Product:    Microsoft® Windows® Operating System
   FileDesc:   IP Helper API
   FileVer:    6.1.7601.17514
   ProdVer:    6.1.7601.17514

Module 39
C:\Windows\system32\DNSAPI.dll
Image Base: 0x741c0000  Image Size: 0x00044000
File Size:  270336      File Time:  2011-03-02_223802
Version:
   Company:    Microsoft Corporation
   Product:    Microsoft® Windows® Operating System
   FileDesc:   DNS Client API DLL
   FileVer:    6.1.7601.17570
   ProdVer:    6.1.7601.17570

Module 40
C:\Windows\system32\MSWSOCK.dll
Image Base: 0x74210000  Image Size: 0x0003c000
File Size:  231424      File Time:  2014-12-24_113316
Version:
   Company:    Microsoft Corporation
   Product:    Microsoft® Windows® Operating System
   FileDesc:   Microsoft Windows Sockets 2.0 Service Provider
   FileVer:    6.1.7601.18254
   ProdVer:    6.1.7601.18254

Module 41
C:\Windows\system32\webio.dll
Image Base: 0x74290000  Image Size: 0x0004f000
File Size:  314880      File Time:  2011-11-16_223504
Version:
   Company:    Microsoft Corporation
   Product:    Microsoft® Windows® Operating System
   FileDesc:   Web Transfer Protocols API
   FileVer:    6.1.7601.17725
   ProdVer:    6.1.7601.17725

Module 42
C:\Windows\system32\WINHTTP.dll
Image Base: 0x742e0000  Image Size: 0x00058000
File Size:  351232      File Time:  2010-11-20_052138
Version:
   Company:    Microsoft Corporation
   Product:    Microsoft® Windows® Operating System
   FileDesc:   Windows HTTP Services
   FileVer:    6.1.7601.17514
   ProdVer:    6.1.7601.17514

Module 43
C:\Windows\system32\WINMM.dll
Image Base: 0x743f0000  Image Size: 0x00032000
File Size:  194048      File Time:  2010-11-20_052138
Version:
   Company:    Microsoft Corporation
   Product:    Microsoft® Windows® Operating System
   FileDesc:   MCI API DLL
   FileVer:    6.1.7601.17514
   ProdVer:    6.1.7601.17514

Module 44
C:\Windows\system32\VERSION.dll
Image Base: 0x75210000  Image Size: 0x00009000
File Size:  21504       File Time:  2009-07-13_181618
Version:
   Company:    Microsoft Corporation
   Product:    Microsoft® Windows® Operating System
   FileDesc:   Version Checking and File Installation Libraries
   FileVer:    6.1.7600.16385
   ProdVer:    6.1.7600.16385

Module 45
C:\Windows\syswow64\CRYPTBASE.dll
Image Base: 0x752e0000  Image Size: 0x0000c000
File Size:  36864       File Time:  2009-07-13_181508
Version:
   Company:    Microsoft Corporation
   Product:    Microsoft® Windows® Operating System
   FileDesc:   Base cryptographic API DLL
   FileVer:    6.1.7600.16385
   ProdVer:    6.1.7600.16385

Module 46
C:\Windows\syswow64\SspiCli.dll
Image Base: 0x752f0000  Image Size: 0x00060000
File Size:  96768       File Time:  2014-10-13_184940
Version:
   Company:    Microsoft Corporation
   Product:    Microsoft® Windows® Operating System
   FileDesc:   Security Support Provider Interface
   FileVer:    6.1.7601.18637
   ProdVer:    6.1.7601.18637

Module 47
C:\Windows\syswow64\USERENV.dll
Image Base: 0x75350000  Image Size: 0x00017000
File Size:  81920       File Time:  2010-11-20_052134
Version:
   Company:    Microsoft Corporation
   Product:    Microsoft® Windows® Operating System
   FileDesc:   Userenv
   FileVer:    6.1.7601.17514
   ProdVer:    6.1.7601.17514

Module 48
C:\Windows\syswow64\GDI32.dll
Image Base: 0x75370000  Image Size: 0x00090000
File Size:  311808      File Time:  2014-08-22_184556
Version:
   Company:    Microsoft Corporation
   Product:    Microsoft® Windows® Operating System
   FileDesc:   GDI Client DLL
   FileVer:    6.1.7601.18577
   ProdVer:    6.1.7601.18577

Module 49
C:\Windows\syswow64\DEVOBJ.dll
Image Base: 0x75460000  Image Size: 0x00012000
File Size:  64512       File Time:  2011-05-24_034006
Version:
   Company:    Microsoft Corporation
   Product:    Microsoft® Windows® Operating System
   FileDesc:   Device Information Set DLL
   FileVer:    6.1.7601.17621
   ProdVer:    6.1.7601.17621

Module 50
C:\Windows\syswow64\WINTRUST.dll
Image Base: 0x75480000  Image Size: 0x0002e000
File Size:  175104      File Time:  2013-07-08_215212
Version:
   Company:    Microsoft Corporation
   Product:    Microsoft® Windows® Operating System
   FileDesc:   Microsoft Trust Verification APIs
   FileVer:    6.1.7601.18205
   ProdVer:    6.1.7601.18205

Module 51
C:\Windows\syswow64\SETUPAPI.dll
Image Base: 0x75540000  Image Size: 0x0019d000
File Size:  1667584     File Time:  2010-11-20_052116
Version:
   Company:    Microsoft Corporation
   Product:    Microsoft® Windows® Operating System
   FileDesc:   Windows Setup API
   FileVer:    6.1.7601.17514
   ProdVer:    6.1.7601.17514

Module 52
C:\Windows\syswow64\msvcrt.dll
Image Base: 0x75760000  Image Size: 0x000ac000
File Size:  690688      File Time:  2011-12-16_005300
Version:
   Company:    Microsoft Corporation
   Product:    Microsoft® Windows® Operating System
   FileDesc:   Windows NT CRT DLL
   FileVer:    7.0.7601.17744
   ProdVer:    6.1.8638.17744

Module 53
C:\Windows\syswow64\WS2_32.dll
Image Base: 0x75860000  Image Size: 0x00035000
File Size:  206848      File Time:  2010-11-20_052140
Version:
   Company:    Microsoft Corporation
   Product:    Microsoft® Windows® Operating System
   FileDesc:   Windows Socket 2.0 32-Bit DLL
   FileVer:    6.1.7601.17514
   ProdVer:    6.1.7601.17514

Module 54
C:\Windows\syswow64\SHLWAPI.dll
Image Base: 0x758a0000  Image Size: 0x00057000
File Size:  350208      File Time:  2010-11-20_052120
Version:
   Company:    Microsoft Corporation
   Product:    Microsoft® Windows® Operating System
   FileDesc:   Shell Light-weight Utility Library
   FileVer:    6.1.7601.17514
   ProdVer:    6.1.7601.17514

Module 55
C:\Windows\syswow64\profapi.dll
Image Base: 0x75af0000  Image Size: 0x0000b000
File Size:  31744       File Time:  2009-07-13_181614
Version:
   Company:    Microsoft Corporation
   Product:    Microsoft® Windows® Operating System
   FileDesc:   User Profile Basic API
   FileVer:    6.1.7600.16385
   ProdVer:    6.1.7600.16385

Module 56
C:\Windows\syswow64\OLEAUT32.dll
Image Base: 0x75b00000  Image Size: 0x0008f000
File Size:  571904      File Time:  2014-10-17_183320
Version:
   Company:    Microsoft Corporation
   Product:    
   FileDesc:   
   FileVer:    6.1.7601.18640
   ProdVer:    6.1.7601.18640

Module 57
C:\Windows\syswow64\NSI.dll
Image Base: 0x75dd0000  Image Size: 0x00006000
File Size:  8704        File Time:  2009-07-13_181612
Version:
   Company:    Microsoft Corporation
   Product:    Microsoft® Windows® Operating System
   FileDesc:   NSI User-mode interface DLL
   FileVer:    6.1.7600.16385
   ProdVer:    6.1.7600.16385

Module 58
C:\Windows\syswow64\KERNELBASE.dll
Image Base: 0x75de0000  Image Size: 0x00047000
File Size:  274944      File Time:  2014-03-04_021620
Version:
   Company:    Microsoft Corporation
   Product:    Microsoft® Windows® Operating System
   FileDesc:   Windows NT BASE API Client DLL
   FileVer:    6.1.7601.18409
   ProdVer:    6.1.7601.18409

Module 59
C:\Windows\syswow64\IMM32.dll
Image Base: 0x75e30000  Image Size: 0x00060000
File Size:  119808      File Time:  2010-11-20_050852
Version:
   Company:    Microsoft Corporation
   Product:    Microsoft® Windows® Operating System
   FileDesc:   Multi-User Windows IMM32 API Client DLL
   FileVer:    6.1.7601.17514
   ProdVer:    6.1.7601.17514

Module 60
C:\Windows\syswow64\MSCTF.dll
Image Base: 0x75e90000  Image Size: 0x000cc000
File Size:  828928      File Time:  2009-07-13_181544
Version:
   Company:    Microsoft Corporation
   Product:    Microsoft® Windows® Operating System
   FileDesc:   MSCTF Server DLL
   FileVer:    6.1.7600.16385
   ProdVer:    6.1.7600.16385

Module 61
C:\Windows\syswow64\LPK.dll
Image Base: 0x75f60000  Image Size: 0x0000a000
File Size:  25600       File Time:  2013-06-05_215702
Version:
   Company:    Microsoft Corporation
   Product:    Microsoft® Windows® Operating System
   FileDesc:   Language Pack
   FileVer:    6.1.7601.18177
   ProdVer:    6.1.7601.18177

Module 62
C:\Windows\syswow64\CFGMGR32.dll
Image Base: 0x75f70000  Image Size: 0x00027000
File Size:  145920      File Time:  2011-05-24_033940
Version:
   Company:    Microsoft Corporation
   Product:    Microsoft® Windows® Operating System
   FileDesc:   Configuration Manager DLL
   FileVer:    6.1.7601.17621
   ProdVer:    6.1.7601.17621

Module 63
C:\Windows\syswow64\MSASN1.dll
Image Base: 0x75fa0000  Image Size: 0x0000c000
File Size:  34304       File Time:  2010-11-20_051946
Version:
   Company:    Microsoft Corporation
   Product:    Microsoft® Windows® Operating System
   FileDesc:   ASN.1 Runtime APIs
   FileVer:    6.1.7601.17514
   ProdVer:    6.1.7601.17514

Module 64
C:\Windows\syswow64\USER32.dll
Image Base: 0x75fb0000  Image Size: 0x00100000
File Size:  833024      File Time:  2010-11-20_050858
Version:
   Company:    Microsoft Corporation
   Product:    Microsoft® Windows® Operating System
   FileDesc:   Multi-User Windows USER API Client DLL
   FileVer:    6.1.7601.17514
   ProdVer:    6.1.7601.17514

Module 65
C:\Windows\SysWOW64\sechost.dll
Image Base: 0x760c0000  Image Size: 0x00019000
File Size:  92160       File Time:  2009-07-13_181614
Version:
   Company:    Microsoft Corporation
   Product:    Microsoft® Windows® Operating System
   FileDesc:   Host for SCM/SDDL/LSA Lookup APIs
   FileVer:    6.1.7600.16385
   ProdVer:    6.1.7600.16385

Module 66
C:\Windows\syswow64\PSAPI.DLL
Image Base: 0x760e0000  Image Size: 0x00005000
File Size:  6144        File Time:  2009-07-13_181614
Version:
   Company:    Microsoft Corporation
   Product:    Microsoft® Windows® Operating System
   FileDesc:   Process Status Helper
   FileVer:    6.1.7600.16385
   ProdVer:    6.1.7600.16385

Module 67
C:\Windows\syswow64\RPCRT4.dll
Image Base: 0x76100000  Image Size: 0x000f0000
File Size:  664064      File Time:  2014-07-13_184100
Version:
   Company:    Microsoft Corporation
   Product:    Microsoft® Windows® Operating System
   FileDesc:   Remote Procedure Call Runtime
   FileVer:    6.1.7601.18532
   ProdVer:    6.1.7601.18532

Module 68
C:\Windows\syswow64\ADVAPI32.dll
Image Base: 0x761f0000  Image Size: 0x000a0000
File Size:  640512      File Time:  2014-12-24_113350
Version:
   Company:    Microsoft Corporation
   Product:    Microsoft® Windows® Operating System
   FileDesc:   Advanced Windows 32 Base API
   FileVer:    6.1.7601.18247
   ProdVer:    6.1.7601.18247

Module 69
C:\Windows\syswow64\kernel32.dll
Image Base: 0x763e0000  Image Size: 0x00110000
File Size:  1114112     File Time:  2014-03-04_021618
Version:
   Company:    Microsoft Corporation
   Product:    Microsoft® Windows® Operating System
   FileDesc:   Windows NT BASE API Client DLL
   FileVer:    6.1.7601.18409
   ProdVer:    6.1.7601.18409

Module 70
C:\Windows\syswow64\ole32.dll
Image Base: 0x76550000  Image Size: 0x0015c000
File Size:  1414144     File Time:  2010-11-20_052050
Version:
   Company:    Microsoft Corporation
   Product:    Microsoft® Windows® Operating System
   FileDesc:   Microsoft OLE for Windows
   FileVer:    6.1.7601.17514
   ProdVer:    6.1.7601.17514

Module 71
C:\Windows\syswow64\CLBCatQ.DLL
Image Base: 0x766b0000  Image Size: 0x00083000
File Size:  522240      File Time:  2009-07-13_181504
Version:
   Company:    Microsoft Corporation
   Product:    Microsoft® Windows® Operating System
   FileDesc:   COM+ Configuration Catalog
   FileVer:    2001.12.8530.16385
   ProdVer:    6.1.7600.16385

Module 72
C:\Windows\syswow64\SHELL32.dll
Image Base: 0x76740000  Image Size: 0x00c4a000
File Size:  12874240    File Time:  2014-06-24_184132
Version:
   Company:    Microsoft Corporation
   Product:    Microsoft® Windows® Operating System
   FileDesc:   Windows Shell Common Dll
   FileVer:    6.1.7601.18517
   ProdVer:    6.1.7601.18517

Module 73
C:\Windows\syswow64\CRYPT32.dll
Image Base: 0x77390000  Image Size: 0x00120000
File Size:  1168384     File Time:  2013-10-05_125726
Version:
   Company:    Microsoft Corporation
   Product:    Microsoft® Windows® Operating System
   FileDesc:   Crypto API32
   FileVer:    6.1.7601.18277
   ProdVer:    6.1.7601.18277

Module 74
C:\Windows\syswow64\USP10.dll
Image Base: 0x774b0000  Image Size: 0x0009d000
File Size:  626688      File Time:  2014-04-24_190618
Version:
   Company:    Microsoft Corporation
   Product:    Microsoft(R) Uniscribe Unicode script processor
   FileDesc:   Uniscribe Unicode script processor
   FileVer:    1.626.7601.18454
   ProdVer:    1.626.7601.18454

Module 75
C:\Windows\SysWOW64\ntdll.dll
Image Base: 0x77950000  Image Size: 0x00180000
File Size:  1292192     File Time:  2014-12-24_113350
Version:
   Company:    Microsoft Corporation
   Product:    Microsoft® Windows® Operating System
   FileDesc:   NT Layer DLL
   FileVer:    6.1.7601.18247
   ProdVer:    6.1.7601.18247


== [end of error.log] ==
